{"/Users/jonathan/Desktop/Projects/typing-game/src/components/FixedWords.jsx": {"path":"/Users/jonathan/Desktop/Projects/typing-game/src/components/FixedWords.jsx","statementMap":{"0":{"start":{"line":5,"column":46},"end":{"line":5,"column":58}},"1":{"start":{"line":8,"column":25},"end":{"line":11,"column":3}},"2":{"start":{"line":9,"column":26},"end":{"line":9,"column":71}},"3":{"start":{"line":9,"column":51},"end":{"line":9,"column":70}},"4":{"start":{"line":10,"column":4},"end":{"line":10,"column":73}},"5":{"start":{"line":13,"column":2},"end":{"line":16,"column":9}},"6":{"start":{"line":15,"column":4},"end":{"line":15,"column":52}},"7":{"start":{"line":18,"column":2},"end":{"line":25,"column":4}}},"fnMap":{"0":{"name":"FixedWords","decl":{"start":{"line":4,"column":24},"end":{"line":4,"column":34}},"loc":{"start":{"line":4,"column":37},"end":{"line":26,"column":1}},"line":4},"1":{"name":"(anonymous_1)","decl":{"start":{"line":8,"column":25},"end":{"line":8,"column":26}},"loc":{"start":{"line":8,"column":43},"end":{"line":11,"column":3}},"line":8},"2":{"name":"(anonymous_2)","decl":{"start":{"line":9,"column":45},"end":{"line":9,"column":46}},"loc":{"start":{"line":9,"column":51},"end":{"line":9,"column":70}},"line":9},"3":{"name":"(anonymous_3)","decl":{"start":{"line":13,"column":12},"end":{"line":13,"column":13}},"loc":{"start":{"line":13,"column":18},"end":{"line":16,"column":3}},"line":13}},"branchMap":{},"s":{"0":2,"1":2,"2":1,"3":59,"4":1,"5":2,"6":1,"7":2},"f":{"0":2,"1":1,"2":59,"3":1},"b":{},"_coverageSchema":"1a1c01bbd47fc00a2c39e90264f33305004495a9","hash":"c36086265cb0e2412364ff3093ff6dc4eac25f11"}
,"/Users/jonathan/Desktop/Projects/typing-game/src/data/MockData.js": {"path":"/Users/jonathan/Desktop/Projects/typing-game/src/data/MockData.js","statementMap":{"0":{"start":{"line":1,"column":25},"end":{"line":23,"column":1}}},"fnMap":{},"branchMap":{},"s":{"0":1},"f":{},"b":{},"_coverageSchema":"1a1c01bbd47fc00a2c39e90264f33305004495a9","hash":"a6aa76685824052e0312eb79f1350ef297653a49"}
}
